2023-08-06 06:22:21.985705 - Initialized conversion of CBT667
2023-08-06 06:22:22.145706 - Received CBT.V505.FILE667.PDS from FILE667.XMI 
2023-08-06 06:22:22.148030 - Found $$$#DATE.txt (text/plain) in CBT.V505.FILE667.PDS, moved to PDS/$$$#DATE
2023-08-06 06:22:22.149215 - Found $$INTRO.txt (text/plain) in CBT.V505.FILE667.PDS, moved to PDS/$$INTRO
2023-08-06 06:22:22.150141 - Found $PDSLOAD.jcl (text/plain) in CBT.V505.FILE667.PDS, moved to PDS/$PDSLOAD
2023-08-06 06:22:22.151127 - Found @FILE667.txt (text/plain) in CBT.V505.FILE667.PDS, moved to PDS/@FILE667
2023-08-06 06:22:22.152102 - Found AWHATIS.txt (text/plain) in CBT.V505.FILE667.PDS, moved to PDS/AWHATIS
2023-08-06 06:22:22.152974 - Found BBASIC.txt (text/plain) in CBT.V505.FILE667.PDS, moved to PDS/BBASIC
2023-08-06 06:22:22.153943 - Found CRPGFLGC.txt (text/plain) in CBT.V505.FILE667.PDS, moved to PDS/CRPGFLGC
2023-08-06 06:22:22.155610 - De-xmi-ed CRPGFLOW to CBT667/docs/CRPGFLOW.pdf
2023-08-06 06:22:22.156582 - Found DRPGCALC.txt (text/plain) in CBT.V505.FILE667.PDS, moved to PDS/DRPGCALC
2023-08-06 06:22:22.157499 - Found EDISCUSS.txt (text/plain) in CBT.V505.FILE667.PDS, moved to PDS/EDISCUSS
2023-08-06 06:22:22.158582 - Found FADVANCD.txt (text/plain) in CBT.V505.FILE667.PDS, moved to PDS/FADVANCD
2023-08-06 06:22:22.159591 - Found GRPGINDC.txt (text/plain) in CBT.V505.FILE667.PDS, moved to PDS/GRPGINDC
2023-08-06 06:22:22.160476 - Found HOUTEDIT.txt (text/plain) in CBT.V505.FILE667.PDS, moved to PDS/HOUTEDIT
2023-08-06 06:22:22.161387 - Found ICALLASM.txt (text/plain) in CBT.V505.FILE667.PDS, moved to PDS/ICALLASM
2023-08-06 06:22:22.162410 - Found JUSETABL.txt (text/plain) in CBT.V505.FILE667.PDS, moved to PDS/JUSETABL
2023-08-06 06:22:22.163313 - Found KISAM.txt (text/plain) in CBT.V505.FILE667.PDS, moved to PDS/KISAM
2023-08-06 06:22:22.164164 - Found LMATCH.txt (text/plain) in CBT.V505.FILE667.PDS, moved to PDS/LMATCH
2023-08-06 06:22:22.165826 - De-xmi-ed LMATCHPI to CBT667/docs/LMATCHPI.pdf
2023-08-06 06:22:22.166940 - Found MDMPREAD.txt (text/plain) in CBT.V505.FILE667.PDS, moved to PDS/MDMPREAD
2023-08-06 06:22:22.167930 - Found ZEXAMPLS.txt (text/plain) in CBT.V505.FILE667.PDS, moved to PDS/ZEXAMPLS
